<?xml version="1.0" encoding="UTF-8"?>
<!-- Generated by org.testng.reporters.JUnitReportReporter -->
<testsuite hostname="DESKTOP-DIA066U" failures="0" tests="7" name="tests.CartCase" time="32.971" errors="0" timestamp="2022-03-16T16:50:42 EET" skipped="0">
  <testcase classname="tests.CartCase" name="Adress" time="5.205"/>
  <system-out/>
  <testcase classname="tests.CartCase" name="shipping" time="4.945"/>
  <system-out/>
  <testcase classname="tests.CartCase" name="confirmorder" time="4.112"/>
  <system-out/>
  <testcase classname="tests.CartCase" name="login" time="5.175"/>
  <system-out/>
  <testcase classname="tests.CartCase" name="payment" time="4.866"/>
  <system-out/>
  <testcase classname="tests.CartCase" name="search" time="6.633"/>
  <system-out/>
  <testcase classname="tests.CartCase" name="continueshopping" time="2.035"/>
  <system-out/>
</testsuite> <!-- tests.CartCase -->
