<?xml version="1.0" encoding="UTF-8"?>
<!-- Generated by org.testng.reporters.JUnitReportReporter -->
<testsuite hostname="DESKTOP-DIA066U" failures="0" tests="1" name="tests.ContactCase" time="3.570" errors="0" timestamp="2022-03-16T16:50:42 EET" skipped="0">
  <testcase classname="tests.ContactCase" name="clicktocontact" time="3.570"/>
  <system-out/>
</testsuite> <!-- tests.ContactCase -->
