<?xml version="1.0" encoding="UTF-8"?>
<!-- Generated by org.testng.reporters.JUnitReportReporter -->
<testsuite hostname="DESKTOP-DIA066U" failures="0" tests="3" name="tests.MyCreateTest" time="20.145" errors="0" timestamp="2022-03-16T16:50:42 EET" skipped="0">
  <testcase classname="tests.MyCreateTest" name="create" time="2.736"/>
  <system-out/>
  <testcase classname="tests.MyCreateTest" name="createprocess" time="10.509"/>
  <system-out/>
  <testcase classname="tests.MyCreateTest" name="sign" time="6.900"/>
  <system-out/>
</testsuite> <!-- tests.MyCreateTest -->
