<?xml version="1.0" encoding="UTF-8"?>
<!-- Generated by org.testng.reporters.JUnitReportReporter -->
<testsuite hostname="DESKTOP-DIA066U" failures="0" tests="4" name="tests.LoginCase" time="31.792" errors="0" timestamp="2022-03-16T16:50:42 EET" skipped="0">
  <testcase classname="tests.LoginCase" name="login" time="9.066"/>
  <system-out/>
  <testcase classname="tests.LoginCase" name="login" time="7.599"/>
  <system-out/>
  <testcase classname="tests.LoginCase" name="login" time="10.709"/>
  <system-out/>
  <testcase classname="tests.LoginCase" name="sign" time="4.418"/>
  <system-out/>
</testsuite> <!-- tests.LoginCase -->
